<?xml version="1.0" encoding="UTF-8" ?>
<testsuite tests="7" failures="4" name="TestSuite" time="7.043" errors="0" skipped="0">
  <properties>
    <property name="java.runtime.name" value="OpenJDK Runtime Environment"/>
    <property name="sun.boot.library.path" value="E:\Program Files\JetBrains\IntelliJ IDEA 2019.1.3\jre64\bin"/>
    <property name="java.vm.version" value="25.212-b4"/>
    <property name="java.vm.vendor" value="JetBrains s.r.o"/>
    <property name="java.vendor.url" value="https://www.jetbrains.com/"/>
    <property name="path.separator" value=";"/>
    <property name="java.vm.name" value="OpenJDK 64-Bit Server VM"/>
    <property name="file.encoding.pkg" value="sun.io"/>
    <property name="user.script" value=""/>
    <property name="user.country" value="CN"/>
    <property name="sun.java.launcher" value="SUN_STANDARD"/>
    <property name="sun.os.patch.level" value=""/>
    <property name="java.vm.specification.name" value="Java Virtual Machine Specification"/>
    <property name="user.dir" value="F:\WorkProject"/>
    <property name="java.runtime.version" value="1.8.0_212-release-1586-b4"/>
    <property name="java.awt.graphicsenv" value="sun.awt.Win32GraphicsEnvironment"/>
    <property name="basedir" value="F:\WorkProject"/>
    <property name="java.endorsed.dirs" value="E:\Program Files\JetBrains\IntelliJ IDEA 2019.1.3\jre64\lib\endorsed"/>
    <property name="os.arch" value="amd64"/>
    <property name="surefire.real.class.path" value="F:\WorkProject\target\surefire\surefirebooter4485907392617982985.jar"/>
    <property name="java.io.tmpdir" value="C:\Users\ADMINI~1\AppData\Local\Temp\"/>
    <property name="line.separator" value="
"/>
    <property name="java.vm.specification.vendor" value="Oracle Corporation"/>
    <property name="user.variant" value=""/>
    <property name="os.name" value="Windows 10"/>
    <property name="sun.jnu.encoding" value="GBK"/>
    <property name="java.library.path" value="E:\Program Files\JetBrains\IntelliJ IDEA 2019.1.3\jre64\bin;C:\WINDOWS\Sun\Java\bin;C:\WINDOWS\system32;C:\WINDOWS;C:\Program Files\Git\mingw64\bin;C:\Program Files\Git\usr\bin;C:\Users\Administrator\bin;E:\Program Files\JetBrains\IntelliJ IDEA 2019.1.3\jre64\bin;E:\Program Files\JetBrains\IntelliJ IDEA 2019.1.3\jre64\bin\server;C:\Program Files\Java\jdk1.8.0_181\bin;C:\Program Files\Java\jdk1.8.0_181\jre\bin;C:\Program Files (x86)\Common Files\Oracle\Java\javapath;C:\WINDOWS\system32;C:\WINDOWS;C:\WINDOWS\System32\Wbem;C:\WINDOWS\System32\WindowsPowerShell\v1.0;E:\apache-maven-3.6.1\bin;E:\apache-maven-3.6.1\bin;C:\Program Files (x86)\Yarn\bin;C:\Users\Administrator\AppData\Roaming\nvm;C:\Program Files\nodejs;E:\Program Files (x86)\WinSCP;C:\Program Files\Git\cmd;C:\WINDOWS\System32\OpenSSH;E:\apache-jmeter-5.0\bin;E:\apache-maven-3.6.1\bin;C:\Program Files\Git\usr\bin;C:\Users\Administrator\AppData\Local\Programs\Python\Python36\Scripts;C:\Users\Administrator\AppData\Local\Programs\Python\Python36;C:\Users\Administrator\AppData\Local\Programs\Fiddler;E:\Users\Administrator\AppData\Local\Programs\Microsoft VS Code\bin;C:\Users\Administrator\AppData\Roaming\npm;C:\Users\Administrator\AppData\Local\Yarn\bin;C:\Users\Administrator\AppData\Roaming\nvm;C:\Program Files\nodejs;E:\Program Files\JetBrains\WebStorm 2019.1.2\bin;C:\Users\Administrator\AppData\Local\Microsoft\WindowsApps;."/>
    <property name="surefire.test.class.path" value="F:\WorkProject\target\test-classes;F:\WorkProject\target\classes;E:\apache-maven-3.6.1\maven-repository\commons-logging\commons-logging\1.2\commons-logging-1.2.jar;E:\apache-maven-3.6.1\maven-repository\com\alibaba\fastjson\1.2.72\fastjson-1.2.72.jar;E:\apache-maven-3.6.1\maven-repository\com\aventstack\extentreports\3.0.6\extentreports-3.0.6.jar;E:\apache-maven-3.6.1\maven-repository\org\freemarker\freemarker\2.3.23\freemarker-2.3.23.jar;E:\apache-maven-3.6.1\maven-repository\org\mongodb\mongodb-driver\3.3.0\mongodb-driver-3.3.0.jar;E:\apache-maven-3.6.1\maven-repository\org\mongodb\bson\3.3.0\bson-3.3.0.jar;E:\apache-maven-3.6.1\maven-repository\org\mongodb\mongodb-driver-core\3.3.0\mongodb-driver-core-3.3.0.jar;E:\apache-maven-3.6.1\maven-repository\org\apache\httpcomponents\httpmime\4.5.2\httpmime-4.5.2.jar;E:\apache-maven-3.6.1\maven-repository\org\jsoup\jsoup\1.9.2\jsoup-1.9.2.jar;E:\apache-maven-3.6.1\maven-repository\org\apache\logging\log4j\log4j-core\2.13.3\log4j-core-2.13.3.jar;E:\apache-maven-3.6.1\maven-repository\org\apache\logging\log4j\log4j-api\2.13.3\log4j-api-2.13.3.jar;E:\apache-maven-3.6.1\maven-repository\org\apache\httpcomponents\httpclient\4.5.2\httpclient-4.5.2.jar;E:\apache-maven-3.6.1\maven-repository\org\apache\httpcomponents\httpcore\4.4.4\httpcore-4.4.4.jar;E:\apache-maven-3.6.1\maven-repository\commons-codec\commons-codec\1.9\commons-codec-1.9.jar;E:\apache-maven-3.6.1\maven-repository\org\projectlombok\lombok\1.18.12\lombok-1.18.12.jar;E:\apache-maven-3.6.1\maven-repository\org\testng\testng\7.0.0\testng-7.0.0.jar;E:\apache-maven-3.6.1\maven-repository\com\beust\jcommander\1.72\jcommander-1.72.jar;E:\apache-maven-3.6.1\maven-repository\net\sourceforge\jexcelapi\jxl\2.6.12\jxl-2.6.12.jar;E:\apache-maven-3.6.1\maven-repository\log4j\log4j\1.2.14\log4j-1.2.14.jar;"/>
    <property name="java.specification.name" value="Java Platform API Specification"/>
    <property name="java.class.version" value="52.0"/>
    <property name="sun.management.compiler" value="HotSpot 64-Bit Tiered Compilers"/>
    <property name="os.version" value="10.0"/>
    <property name="user.home" value="C:\Users\Administrator"/>
    <property name="user.timezone" value="Asia/Shanghai"/>
    <property name="java.awt.printerjob" value="sun.awt.windows.WPrinterJob"/>
    <property name="java.specification.version" value="1.8"/>
    <property name="file.encoding" value="UTF-8"/>
    <property name="user.name" value="Administrator"/>
    <property name="java.class.path" value="F:\WorkProject\target\test-classes;F:\WorkProject\target\classes;E:\apache-maven-3.6.1\maven-repository\commons-logging\commons-logging\1.2\commons-logging-1.2.jar;E:\apache-maven-3.6.1\maven-repository\com\alibaba\fastjson\1.2.72\fastjson-1.2.72.jar;E:\apache-maven-3.6.1\maven-repository\com\aventstack\extentreports\3.0.6\extentreports-3.0.6.jar;E:\apache-maven-3.6.1\maven-repository\org\freemarker\freemarker\2.3.23\freemarker-2.3.23.jar;E:\apache-maven-3.6.1\maven-repository\org\mongodb\mongodb-driver\3.3.0\mongodb-driver-3.3.0.jar;E:\apache-maven-3.6.1\maven-repository\org\mongodb\bson\3.3.0\bson-3.3.0.jar;E:\apache-maven-3.6.1\maven-repository\org\mongodb\mongodb-driver-core\3.3.0\mongodb-driver-core-3.3.0.jar;E:\apache-maven-3.6.1\maven-repository\org\apache\httpcomponents\httpmime\4.5.2\httpmime-4.5.2.jar;E:\apache-maven-3.6.1\maven-repository\org\jsoup\jsoup\1.9.2\jsoup-1.9.2.jar;E:\apache-maven-3.6.1\maven-repository\org\apache\logging\log4j\log4j-core\2.13.3\log4j-core-2.13.3.jar;E:\apache-maven-3.6.1\maven-repository\org\apache\logging\log4j\log4j-api\2.13.3\log4j-api-2.13.3.jar;E:\apache-maven-3.6.1\maven-repository\org\apache\httpcomponents\httpclient\4.5.2\httpclient-4.5.2.jar;E:\apache-maven-3.6.1\maven-repository\org\apache\httpcomponents\httpcore\4.4.4\httpcore-4.4.4.jar;E:\apache-maven-3.6.1\maven-repository\commons-codec\commons-codec\1.9\commons-codec-1.9.jar;E:\apache-maven-3.6.1\maven-repository\org\projectlombok\lombok\1.18.12\lombok-1.18.12.jar;E:\apache-maven-3.6.1\maven-repository\org\testng\testng\7.0.0\testng-7.0.0.jar;E:\apache-maven-3.6.1\maven-repository\com\beust\jcommander\1.72\jcommander-1.72.jar;E:\apache-maven-3.6.1\maven-repository\net\sourceforge\jexcelapi\jxl\2.6.12\jxl-2.6.12.jar;E:\apache-maven-3.6.1\maven-repository\log4j\log4j\1.2.14\log4j-1.2.14.jar;"/>
    <property name="java.vm.specification.version" value="1.8"/>
    <property name="sun.arch.data.model" value="64"/>
    <property name="java.home" value="E:\Program Files\JetBrains\IntelliJ IDEA 2019.1.3\jre64"/>
    <property name="sun.java.command" value="F:\WorkProject\target\surefire\surefirebooter4485907392617982985.jar F:\WorkProject\target\surefire\surefire4136301270687244118tmp F:\WorkProject\target\surefire\surefire1776672640387935127tmp"/>
    <property name="java.specification.vendor" value="Oracle Corporation"/>
    <property name="user.language" value="zh"/>
    <property name="awt.toolkit" value="sun.awt.windows.WToolkit"/>
    <property name="java.vm.info" value="mixed mode"/>
    <property name="java.version" value="1.8.0_212-release"/>
    <property name="java.ext.dirs" value="E:\Program Files\JetBrains\IntelliJ IDEA 2019.1.3\jre64\lib\ext;C:\WINDOWS\Sun\Java\lib\ext"/>
    <property name="sun.boot.class.path" value="E:\Program Files\JetBrains\IntelliJ IDEA 2019.1.3\jre64\lib\resources.jar;E:\Program Files\JetBrains\IntelliJ IDEA 2019.1.3\jre64\lib\rt.jar;E:\Program Files\JetBrains\IntelliJ IDEA 2019.1.3\jre64\lib\sunrsasign.jar;E:\Program Files\JetBrains\IntelliJ IDEA 2019.1.3\jre64\lib\jsse.jar;E:\Program Files\JetBrains\IntelliJ IDEA 2019.1.3\jre64\lib\jce.jar;E:\Program Files\JetBrains\IntelliJ IDEA 2019.1.3\jre64\lib\charsets.jar;E:\Program Files\JetBrains\IntelliJ IDEA 2019.1.3\jre64\lib\jfr.jar;E:\Program Files\JetBrains\IntelliJ IDEA 2019.1.3\jre64\classes"/>
    <property name="java.vendor" value="JetBrains s.r.o"/>
    <property name="localRepository" value="E:\apache-maven-3.6.1\maven-repository"/>
    <property name="file.separator" value="\"/>
    <property name="java.vendor.url.bug" value="https://youtrack.jetbrains.com"/>
    <property name="sun.cpu.endian" value="little"/>
    <property name="sun.io.unicode.encoding" value="UnicodeLittle"/>
    <property name="sun.desktop" value="windows"/>
    <property name="sun.cpu.isalist" value="amd64"/>
  </properties>
  <testcase classname="com.datacvg.cases.TestExcelWithDataProvider" name="testSearch" time="2.313"/>
  <testcase classname="com.datacvg.cases.TestExcelWithDataProvider" name="testSearch" time="0.106"/>
  <testcase classname="com.datacvg.cases.TestExcelWithDataProvider" name="testSearch" time="0.095"/>
  <testcase classname="com.datacvg.cases.TestExcelWithDataProvider" name="testSearch" time="0.039">
    <failure message="expected [true] but found []" type="java.lang.AssertionError">java.lang.AssertionError: expected [true] but found []
	at org.testng.Assert.fail(Assert.java:97)
	at org.testng.Assert.assertEqualsImpl(Assert.java:136)
	at org.testng.Assert.assertEquals(Assert.java:118)
	at org.testng.Assert.assertEquals(Assert.java:575)
	at org.testng.Assert.assertEquals(Assert.java:585)
	at com.datacvg.utils.RequestUtils.allGet(RequestUtils.java:127)
	at com.datacvg.utils.RequestUtils.httpRequest(RequestUtils.java:32)
	at com.datacvg.cases.TestExcelWithDataProvider.testSearch(TestExcelWithDataProvider.java:90)
</failure>
  </testcase>
  <testcase classname="com.datacvg.cases.TestExcelWithDataProvider" name="testSearch" time="0.008">
    <failure message="Illegal character in query at index 48: http://192.168.2.76:9108/api/datacvg/user/login?{&quot;loginName&quot;:&quot;admin78&quot;,&quot;passWord&quot;:&quot;123457&quot;}" type="java.lang.IllegalArgumentException">java.lang.IllegalArgumentException: Illegal character in query at index 48: http://192.168.2.76:9108/api/datacvg/user/login?{&quot;loginName&quot;:&quot;admin78&quot;,&quot;passWord&quot;:&quot;123457&quot;}
	at java.net.URI.create(URI.java:852)
	at org.apache.http.client.methods.HttpGet.&lt;init&gt;(HttpGet.java:69)
	at com.datacvg.utils.RequestUtils.allGet(RequestUtils.java:96)
	at com.datacvg.utils.RequestUtils.httpRequest(RequestUtils.java:32)
	at com.datacvg.cases.TestExcelWithDataProvider.testSearch(TestExcelWithDataProvider.java:90)
Caused by: java.net.URISyntaxException: Illegal character in query at index 48: http://192.168.2.76:9108/api/datacvg/user/login?{&quot;loginName&quot;:&quot;admin78&quot;,&quot;passWord&quot;:&quot;123457&quot;}
	at java.net.URI$Parser.fail(URI.java:2848)
	at java.net.URI$Parser.checkChars(URI.java:3021)
	at java.net.URI$Parser.parseHierarchical(URI.java:3111)
	at java.net.URI$Parser.parse(URI.java:3053)
	at java.net.URI.&lt;init&gt;(URI.java:588)
	at java.net.URI.create(URI.java:850)
	... 41 more
</failure>
  </testcase>
  <testcase classname="com.datacvg.cases.TestExcelWithDataProvider" name="testSearch" time="0.027">
    <failure message="expected [true] but found []" type="java.lang.AssertionError">java.lang.AssertionError: expected [true] but found []
	at org.testng.Assert.fail(Assert.java:97)
	at org.testng.Assert.assertEqualsImpl(Assert.java:136)
	at org.testng.Assert.assertEquals(Assert.java:118)
	at org.testng.Assert.assertEquals(Assert.java:575)
	at org.testng.Assert.assertEquals(Assert.java:585)
	at com.datacvg.utils.RequestUtils.allPost(RequestUtils.java:76)
	at com.datacvg.utils.RequestUtils.httpRequest(RequestUtils.java:30)
	at com.datacvg.cases.TestExcelWithDataProvider.testSearch(TestExcelWithDataProvider.java:90)
</failure>
  </testcase>
  <testcase classname="com.datacvg.cases.TestExcelWithDataProvider" name="testSearch" time="0.061">
    <failure message="expected [true] but found []" type="java.lang.AssertionError">java.lang.AssertionError: expected [true] but found []
	at org.testng.Assert.fail(Assert.java:97)
	at org.testng.Assert.assertEqualsImpl(Assert.java:136)
	at org.testng.Assert.assertEquals(Assert.java:118)
	at org.testng.Assert.assertEquals(Assert.java:575)
	at org.testng.Assert.assertEquals(Assert.java:585)
	at com.datacvg.utils.RequestUtils.allPost(RequestUtils.java:76)
	at com.datacvg.utils.RequestUtils.httpRequest(RequestUtils.java:30)
	at com.datacvg.cases.TestExcelWithDataProvider.testSearch(TestExcelWithDataProvider.java:90)
</failure>
  </testcase>
</testsuite>